app/build/intermediates/manifest_merge_blame_file/regularDebug/manifest-merger-blame-regular-debug-report.txt
1<?xml version="1.0" encoding="utf-8"?>
2<manifest xmlns:android="http://schemas.android.com/apk/res/android"
3    package="org.traccar.manager"
4    android:versionCode="20"
5    android:versionName="2.9" >
6
7    <uses-sdk
8        android:minSdkVersion="19"
8-->src\main\AndroidManifest.xml
9        android:targetSdkVersion="29" />
9-->src\main\AndroidManifest.xml
10
11    <uses-permission android:name="android.permission.INTERNET" />
11-->src\main\AndroidManifest.xml:7:5-67
11-->src\main\AndroidManifest.xml:7:22-64
12    <uses-permission android:name="android.permission.ACCESS_NETWORK_STATE" />
12-->[com.google.firebase:firebase-iid:20.2.1] AndroidManifest.xml:22:5-79
12-->[com.google.firebase:firebase-iid:20.2.1] AndroidManifest.xml:22:22-76
13    <uses-permission android:name="android.permission.WAKE_LOCK" /> <!-- Required by older versions of Google Play services to create IID tokens -->
13-->[com.google.firebase:firebase-iid:20.2.1] AndroidManifest.xml:24:5-68
13-->[com.google.firebase:firebase-iid:20.2.1] AndroidManifest.xml:24:22-65
14    <uses-permission android:name="com.google.android.c2dm.permission.RECEIVE" />
14-->[com.google.firebase:firebase-iid:20.2.1] AndroidManifest.xml:26:5-82
14-->[com.google.firebase:firebase-iid:20.2.1] AndroidManifest.xml:26:22-79
15
16    <application
16-->src\main\AndroidManifest.xml:9:5-26:19
17        android:allowBackup="true"
17-->src\main\AndroidManifest.xml:10:9-35
18        android:appComponentFactory="androidx.core.app.CoreComponentFactory"
18-->[androidx.core:core:1.1.0] AndroidManifest.xml:24:18-86
19        android:debuggable="true"
20        android:icon="@mipmap/ic_launcher"
20-->src\main\AndroidManifest.xml:11:9-43
21        android:label="@string/app_name"
21-->src\main\AndroidManifest.xml:12:9-41
22        android:networkSecurityConfig="@xml/network_security_config"
22-->src\main\AndroidManifest.xml:14:9-69
23        android:testOnly="true"
24        android:theme="@style/AppTheme" >
24-->src\main\AndroidManifest.xml:13:9-40
25        <activity
25-->src\main\AndroidManifest.xml:17:9-24:20
26            android:name="org.traccar.manager.MainActivity"
26-->src\main\AndroidManifest.xml:18:13-41
27            android:configChanges="keyboardHidden|orientation|screenSize" >
27-->src\main\AndroidManifest.xml:19:13-74
28            <intent-filter>
28-->src\main\AndroidManifest.xml:20:13-23:29
29                <action android:name="android.intent.action.MAIN" />
29-->src\main\AndroidManifest.xml:21:17-69
29-->src\main\AndroidManifest.xml:21:25-66
30
31                <category android:name="android.intent.category.LAUNCHER" />
31-->src\main\AndroidManifest.xml:22:17-77
31-->src\main\AndroidManifest.xml:22:27-74
32            </intent-filter>
33        </activity>
34
35        <!--
36             FirebaseMessagingService performs security checks at runtime,
37             but set to not exported to explicitly avoid allowing another app to call it.
38        -->
39        <service
39-->[com.google.firebase:firebase-messaging:20.2.1] AndroidManifest.xml:28:9-35:19
40            android:name="com.google.firebase.messaging.FirebaseMessagingService"
40-->[com.google.firebase:firebase-messaging:20.2.1] AndroidManifest.xml:29:13-82
41            android:directBootAware="true"
41-->[com.google.firebase:firebase-messaging:20.2.1] AndroidManifest.xml:30:13-43
42            android:exported="false" >
42-->[com.google.firebase:firebase-messaging:20.2.1] AndroidManifest.xml:31:13-37
43            <intent-filter android:priority="-500" >
43-->[com.google.firebase:firebase-messaging:20.2.1] AndroidManifest.xml:32:13-34:29
43-->[com.google.firebase:firebase-messaging:20.2.1] AndroidManifest.xml:32:28-51
44                <action android:name="com.google.firebase.MESSAGING_EVENT" />
44-->[com.google.firebase:firebase-messaging:20.2.1] AndroidManifest.xml:33:17-78
44-->[com.google.firebase:firebase-messaging:20.2.1] AndroidManifest.xml:33:25-75
45            </intent-filter>
46        </service>
47        <service
47-->[com.google.firebase:firebase-messaging:20.2.1] AndroidManifest.xml:36:9-42:19
48            android:name="com.google.firebase.components.ComponentDiscoveryService"
48-->[com.google.firebase:firebase-messaging:20.2.1] AndroidManifest.xml:37:13-84
49            android:directBootAware="true"
49-->[com.google.firebase:firebase-common:19.3.0] AndroidManifest.xml:34:13-43
50            android:exported="false" >
50-->[com.google.firebase:firebase-messaging:20.2.1] AndroidManifest.xml:38:13-37
51            <meta-data
51-->[com.google.firebase:firebase-messaging:20.2.1] AndroidManifest.xml:39:13-41:85
52                android:name="com.google.firebase.components:com.google.firebase.messaging.FirebaseMessagingRegistrar"
52-->[com.google.firebase:firebase-messaging:20.2.1] AndroidManifest.xml:40:17-119
53                android:value="com.google.firebase.components.ComponentRegistrar" />
53-->[com.google.firebase:firebase-messaging:20.2.1] AndroidManifest.xml:41:17-82
54            <meta-data
54-->[com.google.firebase:firebase-iid:20.2.1] AndroidManifest.xml:32:13-34:85
55                android:name="com.google.firebase.components:com.google.firebase.iid.Registrar"
55-->[com.google.firebase:firebase-iid:20.2.1] AndroidManifest.xml:33:17-96
56                android:value="com.google.firebase.components.ComponentRegistrar" />
56-->[com.google.firebase:firebase-iid:20.2.1] AndroidManifest.xml:34:17-82
57            <meta-data
57-->[com.google.firebase:firebase-datatransport:17.0.3] AndroidManifest.xml:28:13-30:85
58                android:name="com.google.firebase.components:com.google.firebase.datatransport.TransportRegistrar"
58-->[com.google.firebase:firebase-datatransport:17.0.3] AndroidManifest.xml:29:17-115
59                android:value="com.google.firebase.components.ComponentRegistrar" />
59-->[com.google.firebase:firebase-datatransport:17.0.3] AndroidManifest.xml:30:17-82
60            <meta-data
60-->[com.google.firebase:firebase-installations:16.3.2] AndroidManifest.xml:17:13-19:85
61                android:name="com.google.firebase.components:com.google.firebase.installations.FirebaseInstallationsRegistrar"
61-->[com.google.firebase:firebase-installations:16.3.2] AndroidManifest.xml:18:17-127
62                android:value="com.google.firebase.components.ComponentRegistrar" />
62-->[com.google.firebase:firebase-installations:16.3.2] AndroidManifest.xml:19:17-82
63        </service>
64
65        <receiver
65-->[com.google.firebase:firebase-iid:20.2.1] AndroidManifest.xml:37:9-44:20
66            android:name="com.google.firebase.iid.FirebaseInstanceIdReceiver"
66-->[com.google.firebase:firebase-iid:20.2.1] AndroidManifest.xml:38:13-78
67            android:exported="true"
67-->[com.google.firebase:firebase-iid:20.2.1] AndroidManifest.xml:39:13-36
68            android:permission="com.google.android.c2dm.permission.SEND" >
68-->[com.google.firebase:firebase-iid:20.2.1] AndroidManifest.xml:40:13-73
69            <intent-filter>
69-->[com.google.firebase:firebase-iid:20.2.1] AndroidManifest.xml:41:13-43:29
70                <action android:name="com.google.android.c2dm.intent.RECEIVE" />
70-->[com.google.firebase:firebase-iid:20.2.1] AndroidManifest.xml:42:17-81
70-->[com.google.firebase:firebase-iid:20.2.1] AndroidManifest.xml:42:25-78
71            </intent-filter>
72        </receiver>
73
74        <provider
74-->[com.google.firebase:firebase-common:19.3.0] AndroidManifest.xml:26:9-30:39
75            android:name="com.google.firebase.provider.FirebaseInitProvider"
75-->[com.google.firebase:firebase-common:19.3.0] AndroidManifest.xml:27:13-77
76            android:authorities="org.traccar.manager.firebaseinitprovider"
76-->[com.google.firebase:firebase-common:19.3.0] AndroidManifest.xml:28:13-72
77            android:exported="false"
77-->[com.google.firebase:firebase-common:19.3.0] AndroidManifest.xml:29:13-37
78            android:initOrder="100" />
78-->[com.google.firebase:firebase-common:19.3.0] AndroidManifest.xml:30:13-36
79
80        <activity
80-->[com.google.android.gms:play-services-base:17.0.0] AndroidManifest.xml:23:9-26:75
81            android:name="com.google.android.gms.common.api.GoogleApiActivity"
81-->[com.google.android.gms:play-services-base:17.0.0] AndroidManifest.xml:24:13-79
82            android:exported="false"
82-->[com.google.android.gms:play-services-base:17.0.0] AndroidManifest.xml:25:13-37
83            android:theme="@android:style/Theme.Translucent.NoTitleBar" />
83-->[com.google.android.gms:play-services-base:17.0.0] AndroidManifest.xml:26:13-72
84
85        <meta-data
85-->[com.google.android.gms:play-services-basement:17.0.0] AndroidManifest.xml:23:9-25:69
86            android:name="com.google.android.gms.version"
86-->[com.google.android.gms:play-services-basement:17.0.0] AndroidManifest.xml:24:13-58
87            android:value="@integer/google_play_services_version" />
87-->[com.google.android.gms:play-services-basement:17.0.0] AndroidManifest.xml:25:13-66
88
89        <service
89-->[com.google.android.datatransport:transport-backend-cct:2.2.0] AndroidManifest.xml:29:9-35:19
90            android:name="com.google.android.datatransport.runtime.backends.TransportBackendDiscovery"
90-->[com.google.android.datatransport:transport-backend-cct:2.2.0] AndroidManifest.xml:30:13-103
91            android:exported="false" >
91-->[com.google.android.datatransport:transport-backend-cct:2.2.0] AndroidManifest.xml:31:13-37
92            <meta-data
92-->[com.google.android.datatransport:transport-backend-cct:2.2.0] AndroidManifest.xml:32:13-34:39
93                android:name="backend:com.google.android.datatransport.cct.CctBackendFactory"
93-->[com.google.android.datatransport:transport-backend-cct:2.2.0] AndroidManifest.xml:33:17-94
94                android:value="cct" />
94-->[com.google.android.datatransport:transport-backend-cct:2.2.0] AndroidManifest.xml:34:17-36
95        </service>
96        <service
96-->[com.google.android.datatransport:transport-runtime:2.2.0] AndroidManifest.xml:26:9-30:19
97            android:name="com.google.android.datatransport.runtime.scheduling.jobscheduling.JobInfoSchedulerService"
97-->[com.google.android.datatransport:transport-runtime:2.2.0] AndroidManifest.xml:27:13-117
98            android:exported="false"
98-->[com.google.android.datatransport:transport-runtime:2.2.0] AndroidManifest.xml:28:13-37
99            android:permission="android.permission.BIND_JOB_SERVICE" >
99-->[com.google.android.datatransport:transport-runtime:2.2.0] AndroidManifest.xml:29:13-69
100        </service>
101
102        <receiver
102-->[com.google.android.datatransport:transport-runtime:2.2.0] AndroidManifest.xml:32:9-34:40
103            android:name="com.google.android.datatransport.runtime.scheduling.jobscheduling.AlarmManagerSchedulerBroadcastReceiver"
103-->[com.google.android.datatransport:transport-runtime:2.2.0] AndroidManifest.xml:33:13-132
104            android:exported="false" />
104-->[com.google.android.datatransport:transport-runtime:2.2.0] AndroidManifest.xml:34:13-37
105    </application>
106
107</manifest>